Release 14.7 - xst P.20131013 (nt64)
Copyright (c) 1995-2013 Xilinx, Inc.  All rights reserved.
--> Parameter TMPDIR set to xst/projnav.tmp


Total REAL time to Xst completion: 0.00 secs
Total CPU time to Xst completion: 0.06 secs
 
--> Parameter xsthdpdir set to xst


Total REAL time to Xst completion: 0.00 secs
Total CPU time to Xst completion: 0.06 secs
 
--> Reading design: booth_radix4.prj

TABLE OF CONTENTS
  1) Synthesis Options Summary
  2) HDL Compilation
  3) Design Hierarchy Analysis
  4) HDL Analysis
  5) HDL Synthesis
     5.1) HDL Synthesis Report
  6) Advanced HDL Synthesis
     6.1) Advanced HDL Synthesis Report
  7) Low Level Synthesis
  8) Partition Report
  9) Final Report
	9.1) Device utilization summary
	9.2) Partition Resource Summary
	9.3) TIMING REPORT


=========================================================================
*                      Synthesis Options Summary                        *
=========================================================================
---- Source Parameters
Input File Name                    : "booth_radix4.prj"
Input Format                       : mixed
Ignore Synthesis Constraint File   : NO

---- Target Parameters
Output File Name                   : "booth_radix4"
Output Format                      : NGC
Target Device                      : xc3s400-4-pq208

---- Source Options
Top Module Name                    : booth_radix4
Automatic FSM Extraction           : YES
FSM Encoding Algorithm             : Auto
Safe Implementation                : No
FSM Style                          : LUT
RAM Extraction                     : Yes
RAM Style                          : Auto
ROM Extraction                     : Yes
Mux Style                          : Auto
Decoder Extraction                 : YES
Priority Encoder Extraction        : Yes
Shift Register Extraction          : YES
Logical Shifter Extraction         : YES
XOR Collapsing                     : YES
ROM Style                          : Auto
Mux Extraction                     : Yes
Resource Sharing                   : YES
Asynchronous To Synchronous        : NO
Multiplier Style                   : Auto
Automatic Register Balancing       : No

---- Target Options
Add IO Buffers                     : YES
Global Maximum Fanout              : 100000
Add Generic Clock Buffer(BUFG)     : 8
Register Duplication               : YES
Slice Packing                      : YES
Optimize Instantiated Primitives   : NO
Use Clock Enable                   : Yes
Use Synchronous Set                : Yes
Use Synchronous Reset              : Yes
Pack IO Registers into IOBs        : Auto
Equivalent register Removal        : YES

---- General Options
Optimization Goal                  : Speed
Optimization Effort                : 1
Keep Hierarchy                     : No
Netlist Hierarchy                  : As_Optimized
RTL Output                         : Yes
Global Optimization                : AllClockNets
Read Cores                         : YES
Write Timing Constraints           : NO
Cross Clock Analysis               : NO
Hierarchy Separator                : /
Bus Delimiter                      : <>
Case Specifier                     : Maintain
Slice Utilization Ratio            : 100
BRAM Utilization Ratio             : 100
Verilog 2001                       : YES
Auto BRAM Packing                  : NO
Slice Utilization Ratio Delta      : 5

=========================================================================


=========================================================================
*                          HDL Compilation                              *
=========================================================================
Compiling verilog file "datapath.v" in library work
Module <change_count> compiled
Module <MUX2to1> compiled
Module <val_or_2val> compiled
Module <next> compiled
Module <ALU> compiled
Module <stat_det> compiled
Module <controller> compiled
Module <shift_function> compiled
Module <booth_radix4> compiled
Module <datapath> compiled
No errors in compilation
Analysis of file <"booth_radix4.prj"> succeeded.
 

=========================================================================
*                     Design Hierarchy Analysis                         *
=========================================================================
Analyzing hierarchy for module <booth_radix4> in library <work>.

Analyzing hierarchy for module <datapath> in library <work>.

Analyzing hierarchy for module <controller> in library <work>.

Analyzing hierarchy for module <next> in library <work>.

Analyzing hierarchy for module <val_or_2val> in library <work>.

Analyzing hierarchy for module <ALU> in library <work>.

Analyzing hierarchy for module <shift_function> in library <work>.

Analyzing hierarchy for module <change_count> in library <work>.

Analyzing hierarchy for module <stat_det> in library <work>.

Analyzing hierarchy for module <MUX2to1> in library <work>.


=========================================================================
*                            HDL Analysis                               *
=========================================================================
Analyzing top module <booth_radix4>.
Module <booth_radix4> is correct for synthesis.
 
Analyzing module <datapath> in library <work>.
Module <datapath> is correct for synthesis.
 
Analyzing module <val_or_2val> in library <work>.
Module <val_or_2val> is correct for synthesis.
 
Analyzing module <MUX2to1> in library <work>.
Module <MUX2to1> is correct for synthesis.
 
Analyzing module <ALU> in library <work>.
Module <ALU> is correct for synthesis.
 
Analyzing module <shift_function> in library <work>.
Module <shift_function> is correct for synthesis.
 
Analyzing module <change_count> in library <work>.
Module <change_count> is correct for synthesis.
 
Analyzing module <stat_det> in library <work>.
Module <stat_det> is correct for synthesis.
 
Analyzing module <controller> in library <work>.
Module <controller> is correct for synthesis.
 
Analyzing module <next> in library <work>.
Module <next> is correct for synthesis.
 

=========================================================================
*                           HDL Synthesis                               *
=========================================================================

Performing bidirectional port resolution...

Synthesizing Unit <controller>.
    Related source file is "datapath.v".
Unit <controller> synthesized.


Synthesizing Unit <next>.
    Related source file is "datapath.v".
    Found 2-bit register for signal <state>.
    Found 18-bit register for signal <product>.
    Found 3-bit register for signal <count>.
    Summary:
	inferred  23 D-type flip-flop(s).
Unit <next> synthesized.


Synthesizing Unit <shift_function>.
    Related source file is "datapath.v".
Unit <shift_function> synthesized.


Synthesizing Unit <change_count>.
    Related source file is "datapath.v".
    Found 1-bit xor2 for signal <temp>.
Unit <change_count> synthesized.


Synthesizing Unit <stat_det>.
    Related source file is "datapath.v".
Unit <stat_det> synthesized.


Synthesizing Unit <MUX2to1>.
    Related source file is "datapath.v".
Unit <MUX2to1> synthesized.


Synthesizing Unit <val_or_2val>.
    Related source file is "datapath.v".
Unit <val_or_2val> synthesized.


Synthesizing Unit <ALU>.
    Related source file is "datapath.v".
WARNING:Xst:1780 - Signal <dec> is never used or assigned. This unconnected signal will be trimmed during the optimization process.
    Found 9-bit subtractor for signal <diff>.
    Found 9-bit adder for signal <sum>.
    Summary:
	inferred   2 Adder/Subtractor(s).
Unit <ALU> synthesized.


Synthesizing Unit <datapath>.
    Related source file is "datapath.v".
Unit <datapath> synthesized.


Synthesizing Unit <booth_radix4>.
    Related source file is "datapath.v".
Unit <booth_radix4> synthesized.


=========================================================================
HDL Synthesis Report

Macro Statistics
# Adders/Subtractors                                   : 2
 9-bit adder                                           : 1
 9-bit subtractor                                      : 1
# Registers                                            : 3
 18-bit register                                       : 1
 2-bit register                                        : 1
 3-bit register                                        : 1
# Xors                                                 : 1
 1-bit xor2                                            : 1

=========================================================================

=========================================================================
*                       Advanced HDL Synthesis                          *
=========================================================================


=========================================================================
Advanced HDL Synthesis Report

Macro Statistics
# Adders/Subtractors                                   : 2
 9-bit adder                                           : 1
 9-bit subtractor                                      : 1
# Registers                                            : 23
 Flip-Flops                                            : 23
# Xors                                                 : 1
 1-bit xor2                                            : 1

=========================================================================

=========================================================================
*                         Low Level Synthesis                           *
=========================================================================

Optimizing unit <booth_radix4> ...

Optimizing unit <next> ...

Optimizing unit <ALU> ...

Mapping all equations...
Building and optimizing final netlist ...
Found area constraint ratio of 100 (+ 5) on block booth_radix4, actual ratio is 1.
FlipFlop compute_next/product_1 has been replicated 1 time(s)

Final Macro Processing ...

=========================================================================
Final Register Report

Macro Statistics
# Registers                                            : 24
 Flip-Flops                                            : 24

=========================================================================

=========================================================================
*                           Partition Report                            *
=========================================================================

Partition Implementation Status
-------------------------------

  No Partitions were found in this design.

-------------------------------

=========================================================================
*                            Final Report                               *
=========================================================================
Final Results
RTL Top Level Output File Name     : booth_radix4.ngr
Top Level Output File Name         : booth_radix4
Output Format                      : NGC
Optimization Goal                  : Speed
Keep Hierarchy                     : No

Design Statistics
# IOs                              : 38

Cell Usage :
# BELS                             : 141
#      GND                         : 1
#      INV                         : 1
#      LUT2                        : 21
#      LUT3                        : 13
#      LUT4                        : 53
#      MUXCY                       : 16
#      MUXF5                       : 17
#      VCC                         : 1
#      XORCY                       : 18
# FlipFlops/Latches                : 24
#      FDE                         : 19
#      FDR                         : 4
#      FDS                         : 1
# Clock Buffers                    : 1
#      BUFGP                       : 1
# IO Buffers                       : 37
#      IBUF                        : 18
#      OBUF                        : 19
=========================================================================

Device utilization summary:
---------------------------

Selected Device : 3s400pq208-4 

 Number of Slices:                       47  out of   3584     1%  
 Number of Slice Flip Flops:             24  out of   7168     0%  
 Number of 4 input LUTs:                 88  out of   7168     1%  
 Number of IOs:                          38
 Number of bonded IOBs:                  38  out of    141    26%  
 Number of GCLKs:                         1  out of      8    12%  

---------------------------
Partition Resource Summary:
---------------------------

  No Partitions were found in this design.

---------------------------


=========================================================================
TIMING REPORT

NOTE: THESE TIMING NUMBERS ARE ONLY A SYNTHESIS ESTIMATE.
      FOR ACCURATE TIMING INFORMATION PLEASE REFER TO THE TRACE REPORT
      GENERATED AFTER PLACE-and-ROUTE.

Clock Information:
------------------
-----------------------------------+------------------------+-------+
Clock Signal                       | Clock buffer(FF name)  | Load  |
-----------------------------------+------------------------+-------+
clk                                | BUFGP                  | 24    |
-----------------------------------+------------------------+-------+

Asynchronous Control Signals Information:
----------------------------------------
No asynchronous control signals found in this design

Timing Summary:
---------------
Speed Grade: -4

   Minimum period: 9.836ns (Maximum Frequency: 101.667MHz)
   Minimum input arrival time before clock: 9.665ns
   Maximum output required time after clock: 9.954ns
   Maximum combinational path delay: No path found

Timing Detail:
--------------
All values displayed in nanoseconds (ns)

=========================================================================
Timing constraint: Default period analysis for Clock 'clk'
  Clock period: 9.836ns (frequency: 101.667MHz)
  Total number of paths / destination ports: 691 / 24
-------------------------------------------------------------------------
Delay:               9.836ns (Levels of Logic = 13)
  Source:            compute_next/product_0 (FF)
  Destination:       compute_next/product_17 (FF)
  Source Clock:      clk rising
  Destination Clock: clk rising

  Data Path: compute_next/product_0 to compute_next/product_17
                                Gate     Net
    Cell:in->out      fanout   Delay   Delay  Logical Name (Net Name)
    ----------------------------------------  ------------
     FDE:C->Q             19   0.720   1.518  compute_next/product_0 (compute_next/product_0)
     LUT4:I2->O            2   0.551   1.072  dpath/check/ms2/out1 (dpath/t_2<1>)
     LUT2:I1->O            1   0.551   0.000  dpath/ari_log_unit/Madd_sum_lut<1> (dpath/ari_log_unit/Madd_sum_lut<1>)
     MUXCY:S->O            1   0.500   0.000  dpath/ari_log_unit/Madd_sum_cy<1> (dpath/ari_log_unit/Madd_sum_cy<1>)
     MUXCY:CI->O           1   0.064   0.000  dpath/ari_log_unit/Madd_sum_cy<2> (dpath/ari_log_unit/Madd_sum_cy<2>)
     MUXCY:CI->O           1   0.064   0.000  dpath/ari_log_unit/Madd_sum_cy<3> (dpath/ari_log_unit/Madd_sum_cy<3>)
     MUXCY:CI->O           1   0.064   0.000  dpath/ari_log_unit/Madd_sum_cy<4> (dpath/ari_log_unit/Madd_sum_cy<4>)
     MUXCY:CI->O           1   0.064   0.000  dpath/ari_log_unit/Madd_sum_cy<5> (dpath/ari_log_unit/Madd_sum_cy<5>)
     MUXCY:CI->O           1   0.064   0.000  dpath/ari_log_unit/Madd_sum_cy<6> (dpath/ari_log_unit/Madd_sum_cy<6>)
     MUXCY:CI->O           0   0.064   0.000  dpath/ari_log_unit/Madd_sum_cy<7> (dpath/ari_log_unit/Madd_sum_cy<7>)
     XORCY:CI->O           1   0.904   0.996  dpath/ari_log_unit/Madd_sum_xor<8> (dpath/ari_log_unit/sum<8>)
     LUT3:I1->O            3   0.551   0.975  dpath/ari_log_unit/mux9/out1 (dpath/Z<8>)
     LUT4:I2->O            1   0.551   0.000  dpath/loadprod/out_17_or00001 (dpath/loadprod/out_17_or0000)
     MUXF5:I1->O           1   0.360   0.000  dpath/loadprod/out_17_or0000_f5 (n_prod<17>)
     FDE:D                     0.203          compute_next/product_17
    ----------------------------------------
    Total                      9.836ns (5.275ns logic, 4.561ns route)
                                       (53.6% logic, 46.4% route)

=========================================================================
Timing constraint: Default OFFSET IN BEFORE for Clock 'clk'
  Total number of paths / destination ports: 259 / 44
-------------------------------------------------------------------------
Offset:              9.665ns (Levels of Logic = 14)
  Source:            mpcand<0> (PAD)
  Destination:       compute_next/product_17 (FF)
  Destination Clock: clk rising

  Data Path: mpcand<0> to compute_next/product_17
                                Gate     Net
    Cell:in->out      fanout   Delay   Delay  Logical Name (Net Name)
    ----------------------------------------  ------------
     IBUF:I->O             3   0.821   1.246  mpcand_0_IBUF (mpcand_0_IBUF)
     LUT4:I0->O            2   0.551   1.072  dpath/check/ms2/out1 (dpath/t_2<1>)
     LUT2:I1->O            1   0.551   0.000  dpath/ari_log_unit/Madd_sum_lut<1> (dpath/ari_log_unit/Madd_sum_lut<1>)
     MUXCY:S->O            1   0.500   0.000  dpath/ari_log_unit/Madd_sum_cy<1> (dpath/ari_log_unit/Madd_sum_cy<1>)
     MUXCY:CI->O           1   0.064   0.000  dpath/ari_log_unit/Madd_sum_cy<2> (dpath/ari_log_unit/Madd_sum_cy<2>)
     MUXCY:CI->O           1   0.064   0.000  dpath/ari_log_unit/Madd_sum_cy<3> (dpath/ari_log_unit/Madd_sum_cy<3>)
     MUXCY:CI->O           1   0.064   0.000  dpath/ari_log_unit/Madd_sum_cy<4> (dpath/ari_log_unit/Madd_sum_cy<4>)
     MUXCY:CI->O           1   0.064   0.000  dpath/ari_log_unit/Madd_sum_cy<5> (dpath/ari_log_unit/Madd_sum_cy<5>)
     MUXCY:CI->O           1   0.064   0.000  dpath/ari_log_unit/Madd_sum_cy<6> (dpath/ari_log_unit/Madd_sum_cy<6>)
     MUXCY:CI->O           0   0.064   0.000  dpath/ari_log_unit/Madd_sum_cy<7> (dpath/ari_log_unit/Madd_sum_cy<7>)
     XORCY:CI->O           1   0.904   0.996  dpath/ari_log_unit/Madd_sum_xor<8> (dpath/ari_log_unit/sum<8>)
     LUT3:I1->O            3   0.551   0.975  dpath/ari_log_unit/mux9/out1 (dpath/Z<8>)
     LUT4:I2->O            1   0.551   0.000  dpath/loadprod/out_17_or00001 (dpath/loadprod/out_17_or0000)
     MUXF5:I1->O           1   0.360   0.000  dpath/loadprod/out_17_or0000_f5 (n_prod<17>)
     FDE:D                     0.203          compute_next/product_17
    ----------------------------------------
    Total                      9.665ns (5.376ns logic, 4.289ns route)
                                       (55.6% logic, 44.4% route)

=========================================================================
Timing constraint: Default OFFSET OUT AFTER for Clock 'clk'
  Total number of paths / destination ports: 20 / 19
-------------------------------------------------------------------------
Offset:              9.954ns (Levels of Logic = 2)
  Source:            compute_next/state_0 (FF)
  Destination:       over (PAD)
  Source Clock:      clk rising

  Data Path: compute_next/state_0 to over
                                Gate     Net
    Cell:in->out      fanout   Delay   Delay  Logical Name (Net Name)
    ----------------------------------------  ------------
     FDR:C->Q             40   0.720   2.238  compute_next/state_0 (compute_next/state_0)
     LUT2:I0->O            1   0.551   0.801  control/over1 (over_OBUF)
     OBUF:I->O                 5.644          over_OBUF (over)
    ----------------------------------------
    Total                      9.954ns (6.915ns logic, 3.039ns route)
                                       (69.5% logic, 30.5% route)

=========================================================================


Total REAL time to Xst completion: 6.00 secs
Total CPU time to Xst completion: 5.61 secs
 
--> 

Total memory usage is 257920 kilobytes

Number of errors   :    0 (   0 filtered)
Number of warnings :    2 (   0 filtered)
Number of infos    :    0 (   0 filtered)

